<?xml version="1.0" encoding="UTF-8"?>
<!-- Generated by org.testng.reporters.JUnitReportReporter -->
<testsuite hostname="DESKTOP-1N0VLJU" failures="0" tests="1" name="MyTestCases" time="20.609" errors="0" timestamp="2024-11-26T18:10:27 EET" skipped="0">
  <testcase classname="MyTestCases" name="addTwoNumbers" time="20.609"/>
  <system-out/>
</testsuite> <!-- MyTestCases -->
